2025-08-13T21:38:21.948+05:30  INFO 22420 --- [HOTEL-MANAGEMENT-APPLICATION-HOTELSERVICE] [restartedMain] c.w.m.h.h.HotelManagemntApplication      : Starting HotelManagemntApplication using Java 17.0.2 with PID 22420 (E:\Wipro\Microservices\Hotel-Management-Microservice\Hotel-Managemnt-Application-HotelService\target\classes started by Shobhit PC in E:\Wipro\Microservices\Hotel-Management-Microservice\Hotel-Managemnt-Application-HotelService)
2025-08-13T21:38:21.951+05:30  INFO 22420 --- [HOTEL-MANAGEMENT-APPLICATION-HOTELSERVICE] [restartedMain] c.w.m.h.h.HotelManagemntApplication      : No active profile set, falling back to 1 default profile: "default"
2025-08-13T21:38:21.986+05:30  INFO 22420 --- [HOTEL-MANAGEMENT-APPLICATION-HOTELSERVICE] [restartedMain] o.s.c.c.c.ConfigServerConfigDataLoader   : Fetching config from server at : http://localhost:9092
2025-08-13T21:38:21.986+05:30  INFO 22420 --- [HOTEL-MANAGEMENT-APPLICATION-HOTELSERVICE] [restartedMain] o.s.c.c.c.ConfigServerConfigDataLoader   : Located environment: name=HOTEL-MANAGEMENT-APPLICATION-HOTELSERVICE, profiles=[default], label=null, version=67dbd04e6efed51f737a4b0f2094eae5b4d304e5, state=
2025-08-13T21:38:21.988+05:30  INFO 22420 --- [HOTEL-MANAGEMENT-APPLICATION-HOTELSERVICE] [restartedMain] .e.DevToolsPropertyDefaultsPostProcessor : Devtools property defaults active! Set 'spring.devtools.add-properties' to 'false' to disable
2025-08-13T21:38:21.988+05:30  INFO 22420 --- [HOTEL-MANAGEMENT-APPLICATION-HOTELSERVICE] [restartedMain] .e.DevToolsPropertyDefaultsPostProcessor : For additional web related logging consider setting the 'logging.level.web' property to 'DEBUG'
2025-08-13T21:38:23.295+05:30  INFO 22420 --- [HOTEL-MANAGEMENT-APPLICATION-HOTELSERVICE] [restartedMain] .s.d.r.c.RepositoryConfigurationDelegate : Bootstrapping Spring Data JPA repositories in DEFAULT mode.
2025-08-13T21:38:23.416+05:30  INFO 22420 --- [HOTEL-MANAGEMENT-APPLICATION-HOTELSERVICE] [restartedMain] .s.d.r.c.RepositoryConfigurationDelegate : Finished Spring Data repository scanning in 113 ms. Found 1 JPA repository interface.
2025-08-13T21:38:23.671+05:30  INFO 22420 --- [HOTEL-MANAGEMENT-APPLICATION-HOTELSERVICE] [restartedMain] o.s.cloud.context.scope.GenericScope     : BeanFactory id=546294ec-9c87-32f9-9767-70b9f1d28045
2025-08-13T21:38:24.450+05:30  INFO 22420 --- [HOTEL-MANAGEMENT-APPLICATION-HOTELSERVICE] [restartedMain] o.s.b.w.embedded.tomcat.TomcatWebServer  : Tomcat initialized with port 9091 (http)
2025-08-13T21:38:24.462+05:30  INFO 22420 --- [HOTEL-MANAGEMENT-APPLICATION-HOTELSERVICE] [restartedMain] o.apache.catalina.core.StandardService   : Starting service [Tomcat]
2025-08-13T21:38:24.462+05:30  INFO 22420 --- [HOTEL-MANAGEMENT-APPLICATION-HOTELSERVICE] [restartedMain] o.apache.catalina.core.StandardEngine    : Starting Servlet engine: [Apache Tomcat/10.1.43]
2025-08-13T21:38:24.522+05:30  INFO 22420 --- [HOTEL-MANAGEMENT-APPLICATION-HOTELSERVICE] [restartedMain] o.a.c.c.C.[Tomcat].[localhost].[/]       : Initializing Spring embedded WebApplicationContext
2025-08-13T21:38:24.522+05:30  INFO 22420 --- [HOTEL-MANAGEMENT-APPLICATION-HOTELSERVICE] [restartedMain] w.s.c.ServletWebServerApplicationContext : Root WebApplicationContext: initialization completed in 2534 ms
2025-08-13T21:38:24.947+05:30  INFO 22420 --- [HOTEL-MANAGEMENT-APPLICATION-HOTELSERVICE] [restartedMain] o.hibernate.jpa.internal.util.LogHelper  : HHH000204: Processing PersistenceUnitInfo [name: default]
2025-08-13T21:38:25.017+05:30  INFO 22420 --- [HOTEL-MANAGEMENT-APPLICATION-HOTELSERVICE] [restartedMain] org.hibernate.Version                    : HHH000412: Hibernate ORM core version 6.6.22.Final
2025-08-13T21:38:25.056+05:30  INFO 22420 --- [HOTEL-MANAGEMENT-APPLICATION-HOTELSERVICE] [restartedMain] o.h.c.internal.RegionFactoryInitiator    : HHH000026: Second-level cache disabled
2025-08-13T21:38:25.326+05:30  INFO 22420 --- [HOTEL-MANAGEMENT-APPLICATION-HOTELSERVICE] [restartedMain] o.s.o.j.p.SpringPersistenceUnitInfo      : No LoadTimeWeaver setup: ignoring JPA class transformer
2025-08-13T21:38:25.357+05:30  INFO 22420 --- [HOTEL-MANAGEMENT-APPLICATION-HOTELSERVICE] [restartedMain] com.zaxxer.hikari.HikariDataSource       : HikariPool-1 - Starting...
2025-08-13T21:38:25.495+05:30  INFO 22420 --- [HOTEL-MANAGEMENT-APPLICATION-HOTELSERVICE] [restartedMain] com.zaxxer.hikari.pool.HikariPool        : HikariPool-1 - Added connection com.mysql.cj.jdbc.ConnectionImpl@510a260f
2025-08-13T21:38:25.497+05:30  INFO 22420 --- [HOTEL-MANAGEMENT-APPLICATION-HOTELSERVICE] [restartedMain] com.zaxxer.hikari.HikariDataSource       : HikariPool-1 - Start completed.
2025-08-13T21:38:25.534+05:30  WARN 22420 --- [HOTEL-MANAGEMENT-APPLICATION-HOTELSERVICE] [restartedMain] org.hibernate.dialect.Dialect            : HHH000511: The 5.5.27 version for [org.hibernate.dialect.MySQLDialect] is no longer supported, hence certain features may not work properly. The minimum supported version is 8.0.0. Check the community dialects project for available legacy versions.
2025-08-13T21:38:25.537+05:30  WARN 22420 --- [HOTEL-MANAGEMENT-APPLICATION-HOTELSERVICE] [restartedMain] org.hibernate.orm.deprecation            : HHH90000025: MySQLDialect does not need to be specified explicitly using 'hibernate.dialect' (remove the property setting and it will be selected by default)
2025-08-13T21:38:25.554+05:30  INFO 22420 --- [HOTEL-MANAGEMENT-APPLICATION-HOTELSERVICE] [restartedMain] org.hibernate.orm.connections.pooling    : HHH10001005: Database info:
	Database JDBC URL [Connecting through datasource 'HikariDataSource (HikariPool-1)']
	Database driver: undefined/unknown
	Database version: 5.5.27
	Autocommit mode: undefined/unknown
	Isolation level: undefined/unknown
	Minimum pool size: undefined/unknown
	Maximum pool size: undefined/unknown
2025-08-13T21:38:26.283+05:30  INFO 22420 --- [HOTEL-MANAGEMENT-APPLICATION-HOTELSERVICE] [restartedMain] o.h.e.t.j.p.i.JtaPlatformInitiator       : HHH000489: No JTA platform available (set 'hibernate.transaction.jta.platform' to enable JTA platform integration)
2025-08-13T21:38:26.330+05:30  INFO 22420 --- [HOTEL-MANAGEMENT-APPLICATION-HOTELSERVICE] [restartedMain] j.LocalContainerEntityManagerFactoryBean : Initialized JPA EntityManagerFactory for persistence unit 'default'
2025-08-13T21:38:26.747+05:30  WARN 22420 --- [HOTEL-MANAGEMENT-APPLICATION-HOTELSERVICE] [restartedMain] JpaBaseConfiguration$JpaWebConfiguration : spring.jpa.open-in-view is enabled by default. Therefore, database queries may be performed during view rendering. Explicitly configure spring.jpa.open-in-view to disable this warning
2025-08-13T21:38:28.293+05:30  WARN 22420 --- [HOTEL-MANAGEMENT-APPLICATION-HOTELSERVICE] [restartedMain] o.s.b.d.a.OptionalLiveReloadServer       : Unable to start LiveReload server
2025-08-13T21:38:28.466+05:30  INFO 22420 --- [HOTEL-MANAGEMENT-APPLICATION-HOTELSERVICE] [restartedMain] DiscoveryClientOptionalArgsConfiguration : Eureka HTTP Client uses RestTemplate.
2025-08-13T21:38:28.548+05:30  WARN 22420 --- [HOTEL-MANAGEMENT-APPLICATION-HOTELSERVICE] [restartedMain] iguration$LoadBalancerCaffeineWarnLogger : Spring Cloud LoadBalancer is currently working with the default cache. While this cache implementation is useful for development and tests, it's recommended to use Caffeine cache in production.You can switch to using Caffeine cache, by adding it and org.springframework.cache.caffeine.CaffeineCacheManager to the classpath.
2025-08-13T21:38:28.589+05:30  INFO 22420 --- [HOTEL-MANAGEMENT-APPLICATION-HOTELSERVICE] [restartedMain] o.s.b.a.e.web.EndpointLinksResolver      : Exposing 1 endpoint beneath base path '/actuator'
2025-08-13T21:38:28.681+05:30  INFO 22420 --- [HOTEL-MANAGEMENT-APPLICATION-HOTELSERVICE] [restartedMain] o.s.c.n.eureka.InstanceInfoFactory       : Setting initial instance status as: STARTING
2025-08-13T21:38:28.702+05:30  INFO 22420 --- [HOTEL-MANAGEMENT-APPLICATION-HOTELSERVICE] [restartedMain] com.netflix.discovery.DiscoveryClient    : Initializing Eureka in region us-east-1
2025-08-13T21:38:28.705+05:30  INFO 22420 --- [HOTEL-MANAGEMENT-APPLICATION-HOTELSERVICE] [restartedMain] c.n.d.s.r.aws.ConfigClusterResolver      : Resolving eureka endpoints via configuration
2025-08-13T21:38:28.712+05:30  INFO 22420 --- [HOTEL-MANAGEMENT-APPLICATION-HOTELSERVICE] [restartedMain] com.netflix.discovery.DiscoveryClient    : Disable delta property : false
2025-08-13T21:38:28.712+05:30  INFO 22420 --- [HOTEL-MANAGEMENT-APPLICATION-HOTELSERVICE] [restartedMain] com.netflix.discovery.DiscoveryClient    : Single vip registry refresh property : null
2025-08-13T21:38:28.712+05:30  INFO 22420 --- [HOTEL-MANAGEMENT-APPLICATION-HOTELSERVICE] [restartedMain] com.netflix.discovery.DiscoveryClient    : Force full registry fetch : false
2025-08-13T21:38:28.712+05:30  INFO 22420 --- [HOTEL-MANAGEMENT-APPLICATION-HOTELSERVICE] [restartedMain] com.netflix.discovery.DiscoveryClient    : Application is null : false
2025-08-13T21:38:28.713+05:30  INFO 22420 --- [HOTEL-MANAGEMENT-APPLICATION-HOTELSERVICE] [restartedMain] com.netflix.discovery.DiscoveryClient    : Registered Applications size is zero : true
2025-08-13T21:38:28.713+05:30  INFO 22420 --- [HOTEL-MANAGEMENT-APPLICATION-HOTELSERVICE] [restartedMain] com.netflix.discovery.DiscoveryClient    : Application version is -1: true
2025-08-13T21:38:28.713+05:30  INFO 22420 --- [HOTEL-MANAGEMENT-APPLICATION-HOTELSERVICE] [restartedMain] com.netflix.discovery.DiscoveryClient    : Getting all instance registry info from the eureka server
2025-08-13T21:38:28.966+05:30  INFO 22420 --- [HOTEL-MANAGEMENT-APPLICATION-HOTELSERVICE] [restartedMain] com.netflix.discovery.DiscoveryClient    : The response status is 200
2025-08-13T21:38:28.968+05:30  INFO 22420 --- [HOTEL-MANAGEMENT-APPLICATION-HOTELSERVICE] [restartedMain] com.netflix.discovery.DiscoveryClient    : Starting heartbeat executor: renew interval is: 30
2025-08-13T21:38:28.970+05:30  INFO 22420 --- [HOTEL-MANAGEMENT-APPLICATION-HOTELSERVICE] [restartedMain] c.n.discovery.InstanceInfoReplicator     : InstanceInfoReplicator onDemand update allowed rate per min is 4
2025-08-13T21:38:28.971+05:30  INFO 22420 --- [HOTEL-MANAGEMENT-APPLICATION-HOTELSERVICE] [restartedMain] com.netflix.discovery.DiscoveryClient    : Discovery Client initialized at timestamp 1755101308971 with initial instances count: 3
2025-08-13T21:38:28.982+05:30  INFO 22420 --- [HOTEL-MANAGEMENT-APPLICATION-HOTELSERVICE] [restartedMain] o.s.c.n.e.s.EurekaServiceRegistry        : Registering application HOTEL-MANAGEMENT-APPLICATION-HOTELSERVICE with eureka with status UP
2025-08-13T21:38:28.982+05:30  INFO 22420 --- [HOTEL-MANAGEMENT-APPLICATION-HOTELSERVICE] [restartedMain] com.netflix.discovery.DiscoveryClient    : Saw local status change event StatusChangeEvent [timestamp=1755101308982, current=UP, previous=STARTING]
2025-08-13T21:38:28.983+05:30  INFO 22420 --- [HOTEL-MANAGEMENT-APPLICATION-HOTELSERVICE] [DiscoveryClient-InstanceInfoReplicator-%d] com.netflix.discovery.DiscoveryClient    : DiscoveryClient_HOTEL-MANAGEMENT-APPLICATION-HOTELSERVICE/Shobhit:HOTEL-MANAGEMENT-APPLICATION-HOTELSERVICE:9091: registering service...
2025-08-13T21:38:29.017+05:30  INFO 22420 --- [HOTEL-MANAGEMENT-APPLICATION-HOTELSERVICE] [restartedMain] o.s.b.w.embedded.tomcat.TomcatWebServer  : Tomcat started on port 9091 (http) with context path '/'
2025-08-13T21:38:29.017+05:30  INFO 22420 --- [HOTEL-MANAGEMENT-APPLICATION-HOTELSERVICE] [restartedMain] .s.c.n.e.s.EurekaAutoServiceRegistration : Updating port to 9091
2025-08-13T21:38:29.024+05:30  INFO 22420 --- [HOTEL-MANAGEMENT-APPLICATION-HOTELSERVICE] [DiscoveryClient-InstanceInfoReplicator-%d] com.netflix.discovery.DiscoveryClient    : DiscoveryClient_HOTEL-MANAGEMENT-APPLICATION-HOTELSERVICE/Shobhit:HOTEL-MANAGEMENT-APPLICATION-HOTELSERVICE:9091 - registration status: 204
2025-08-13T21:38:29.132+05:30  INFO 22420 --- [HOTEL-MANAGEMENT-APPLICATION-HOTELSERVICE] [restartedMain] c.w.m.h.h.HotelManagemntApplication      : Started HotelManagemntApplication in 10.896 seconds (process running for 11.682)
2025-08-13T21:38:29.290+05:30  INFO 22420 --- [HOTEL-MANAGEMENT-APPLICATION-HOTELSERVICE] [RMI TCP Connection(6)-127.0.0.1] o.a.c.c.C.[Tomcat].[localhost].[/]       : Initializing Spring DispatcherServlet 'dispatcherServlet'
2025-08-13T21:38:29.290+05:30  INFO 22420 --- [HOTEL-MANAGEMENT-APPLICATION-HOTELSERVICE] [RMI TCP Connection(6)-127.0.0.1] o.s.web.servlet.DispatcherServlet        : Initializing Servlet 'dispatcherServlet'
2025-08-13T21:38:29.292+05:30  INFO 22420 --- [HOTEL-MANAGEMENT-APPLICATION-HOTELSERVICE] [RMI TCP Connection(6)-127.0.0.1] o.s.web.servlet.DispatcherServlet        : Completed initialization in 2 ms
2025-08-13T21:43:28.720+05:30  INFO 22420 --- [HOTEL-MANAGEMENT-APPLICATION-HOTELSERVICE] [AsyncResolver-bootstrap-executor-%d] c.n.d.s.r.aws.ConfigClusterResolver      : Resolving eureka endpoints via configuration
2025-08-13T21:48:28.736+05:30  INFO 22420 --- [HOTEL-MANAGEMENT-APPLICATION-HOTELSERVICE] [AsyncResolver-bootstrap-executor-%d] c.n.d.s.r.aws.ConfigClusterResolver      : Resolving eureka endpoints via configuration
