2025-08-13T21:37:29.064+05:30  INFO 25124 --- [HOTEL-MANAGEMENT-APPLICATION-BOOKINGSERVICE] [restartedMain] mentApplicationBookingServiceApplication : Starting HotelManagementApplicationBookingServiceApplication using Java 17.0.2 with PID 25124 (E:\Wipro\Microservices\Hotel-Management-Microservice\Hotel-Management-Application-BookingService\target\classes started by Shobhit PC in E:\Wipro\Microservices\Hotel-Management-Microservice\Hotel-Management-Application-BookingService)
2025-08-13T21:37:29.066+05:30  INFO 25124 --- [HOTEL-MANAGEMENT-APPLICATION-BOOKINGSERVICE] [restartedMain] mentApplicationBookingServiceApplication : No active profile set, falling back to 1 default profile: "default"
2025-08-13T21:37:29.101+05:30  INFO 25124 --- [HOTEL-MANAGEMENT-APPLICATION-BOOKINGSERVICE] [restartedMain] o.s.c.c.c.ConfigServerConfigDataLoader   : Fetching config from server at : http://localhost:9092
2025-08-13T21:37:29.102+05:30  INFO 25124 --- [HOTEL-MANAGEMENT-APPLICATION-BOOKINGSERVICE] [restartedMain] o.s.c.c.c.ConfigServerConfigDataLoader   : Located environment: name=HOTEL-MANAGEMENT-APPLICATION-BOOKINGSERVICE, profiles=[default], label=null, version=67dbd04e6efed51f737a4b0f2094eae5b4d304e5, state=
2025-08-13T21:37:29.104+05:30  INFO 25124 --- [HOTEL-MANAGEMENT-APPLICATION-BOOKINGSERVICE] [restartedMain] .e.DevToolsPropertyDefaultsPostProcessor : Devtools property defaults active! Set 'spring.devtools.add-properties' to 'false' to disable
2025-08-13T21:37:29.104+05:30  INFO 25124 --- [HOTEL-MANAGEMENT-APPLICATION-BOOKINGSERVICE] [restartedMain] .e.DevToolsPropertyDefaultsPostProcessor : For additional web related logging consider setting the 'logging.level.web' property to 'DEBUG'
2025-08-13T21:37:30.205+05:30  INFO 25124 --- [HOTEL-MANAGEMENT-APPLICATION-BOOKINGSERVICE] [restartedMain] .s.d.r.c.RepositoryConfigurationDelegate : Bootstrapping Spring Data JPA repositories in DEFAULT mode.
2025-08-13T21:37:30.325+05:30  INFO 25124 --- [HOTEL-MANAGEMENT-APPLICATION-BOOKINGSERVICE] [restartedMain] .s.d.r.c.RepositoryConfigurationDelegate : Finished Spring Data repository scanning in 109 ms. Found 1 JPA repository interface.
2025-08-13T21:37:30.678+05:30  INFO 25124 --- [HOTEL-MANAGEMENT-APPLICATION-BOOKINGSERVICE] [restartedMain] o.s.cloud.context.scope.GenericScope     : BeanFactory id=40150e1a-5020-3413-b659-4b1f3b5f978b
2025-08-13T21:37:31.520+05:30  INFO 25124 --- [HOTEL-MANAGEMENT-APPLICATION-BOOKINGSERVICE] [restartedMain] o.s.b.w.embedded.tomcat.TomcatWebServer  : Tomcat initialized with port 9095 (http)
2025-08-13T21:37:31.530+05:30  INFO 25124 --- [HOTEL-MANAGEMENT-APPLICATION-BOOKINGSERVICE] [restartedMain] o.apache.catalina.core.StandardService   : Starting service [Tomcat]
2025-08-13T21:37:31.531+05:30  INFO 25124 --- [HOTEL-MANAGEMENT-APPLICATION-BOOKINGSERVICE] [restartedMain] o.apache.catalina.core.StandardEngine    : Starting Servlet engine: [Apache Tomcat/10.1.43]
2025-08-13T21:37:31.593+05:30  INFO 25124 --- [HOTEL-MANAGEMENT-APPLICATION-BOOKINGSERVICE] [restartedMain] o.a.c.c.C.[Tomcat].[localhost].[/]       : Initializing Spring embedded WebApplicationContext
2025-08-13T21:37:31.593+05:30  INFO 25124 --- [HOTEL-MANAGEMENT-APPLICATION-BOOKINGSERVICE] [restartedMain] w.s.c.ServletWebServerApplicationContext : Root WebApplicationContext: initialization completed in 2489 ms
2025-08-13T21:37:32.055+05:30  INFO 25124 --- [HOTEL-MANAGEMENT-APPLICATION-BOOKINGSERVICE] [restartedMain] o.hibernate.jpa.internal.util.LogHelper  : HHH000204: Processing PersistenceUnitInfo [name: default]
2025-08-13T21:37:32.098+05:30  INFO 25124 --- [HOTEL-MANAGEMENT-APPLICATION-BOOKINGSERVICE] [restartedMain] org.hibernate.Version                    : HHH000412: Hibernate ORM core version 6.6.22.Final
2025-08-13T21:37:32.126+05:30  INFO 25124 --- [HOTEL-MANAGEMENT-APPLICATION-BOOKINGSERVICE] [restartedMain] o.h.c.internal.RegionFactoryInitiator    : HHH000026: Second-level cache disabled
2025-08-13T21:37:32.347+05:30  INFO 25124 --- [HOTEL-MANAGEMENT-APPLICATION-BOOKINGSERVICE] [restartedMain] o.s.o.j.p.SpringPersistenceUnitInfo      : No LoadTimeWeaver setup: ignoring JPA class transformer
2025-08-13T21:37:32.374+05:30  INFO 25124 --- [HOTEL-MANAGEMENT-APPLICATION-BOOKINGSERVICE] [restartedMain] com.zaxxer.hikari.HikariDataSource       : HikariPool-1 - Starting...
2025-08-13T21:37:32.548+05:30  INFO 25124 --- [HOTEL-MANAGEMENT-APPLICATION-BOOKINGSERVICE] [restartedMain] com.zaxxer.hikari.pool.HikariPool        : HikariPool-1 - Added connection com.mysql.cj.jdbc.ConnectionImpl@6dc86011
2025-08-13T21:37:32.550+05:30  INFO 25124 --- [HOTEL-MANAGEMENT-APPLICATION-BOOKINGSERVICE] [restartedMain] com.zaxxer.hikari.HikariDataSource       : HikariPool-1 - Start completed.
2025-08-13T21:37:32.589+05:30  WARN 25124 --- [HOTEL-MANAGEMENT-APPLICATION-BOOKINGSERVICE] [restartedMain] org.hibernate.dialect.Dialect            : HHH000511: The 5.5.27 version for [org.hibernate.dialect.MySQLDialect] is no longer supported, hence certain features may not work properly. The minimum supported version is 8.0.0. Check the community dialects project for available legacy versions.
2025-08-13T21:37:32.594+05:30  WARN 25124 --- [HOTEL-MANAGEMENT-APPLICATION-BOOKINGSERVICE] [restartedMain] org.hibernate.orm.deprecation            : HHH90000025: MySQLDialect does not need to be specified explicitly using 'hibernate.dialect' (remove the property setting and it will be selected by default)
2025-08-13T21:37:32.612+05:30  INFO 25124 --- [HOTEL-MANAGEMENT-APPLICATION-BOOKINGSERVICE] [restartedMain] org.hibernate.orm.connections.pooling    : HHH10001005: Database info:
	Database JDBC URL [Connecting through datasource 'HikariDataSource (HikariPool-1)']
	Database driver: undefined/unknown
	Database version: 5.5.27
	Autocommit mode: undefined/unknown
	Isolation level: undefined/unknown
	Minimum pool size: undefined/unknown
	Maximum pool size: undefined/unknown
2025-08-13T21:37:33.332+05:30  INFO 25124 --- [HOTEL-MANAGEMENT-APPLICATION-BOOKINGSERVICE] [restartedMain] o.h.e.t.j.p.i.JtaPlatformInitiator       : HHH000489: No JTA platform available (set 'hibernate.transaction.jta.platform' to enable JTA platform integration)
2025-08-13T21:37:33.392+05:30  INFO 25124 --- [HOTEL-MANAGEMENT-APPLICATION-BOOKINGSERVICE] [restartedMain] j.LocalContainerEntityManagerFactoryBean : Initialized JPA EntityManagerFactory for persistence unit 'default'
2025-08-13T21:37:33.744+05:30  WARN 25124 --- [HOTEL-MANAGEMENT-APPLICATION-BOOKINGSERVICE] [restartedMain] JpaBaseConfiguration$JpaWebConfiguration : spring.jpa.open-in-view is enabled by default. Therefore, database queries may be performed during view rendering. Explicitly configure spring.jpa.open-in-view to disable this warning
2025-08-13T21:37:35.767+05:30  WARN 25124 --- [HOTEL-MANAGEMENT-APPLICATION-BOOKINGSERVICE] [restartedMain] o.s.b.d.a.OptionalLiveReloadServer       : Unable to start LiveReload server
2025-08-13T21:37:35.934+05:30  INFO 25124 --- [HOTEL-MANAGEMENT-APPLICATION-BOOKINGSERVICE] [restartedMain] DiscoveryClientOptionalArgsConfiguration : Eureka HTTP Client uses RestTemplate.
2025-08-13T21:37:36.035+05:30  WARN 25124 --- [HOTEL-MANAGEMENT-APPLICATION-BOOKINGSERVICE] [restartedMain] iguration$LoadBalancerCaffeineWarnLogger : Spring Cloud LoadBalancer is currently working with the default cache. While this cache implementation is useful for development and tests, it's recommended to use Caffeine cache in production.You can switch to using Caffeine cache, by adding it and org.springframework.cache.caffeine.CaffeineCacheManager to the classpath.
2025-08-13T21:37:36.078+05:30  INFO 25124 --- [HOTEL-MANAGEMENT-APPLICATION-BOOKINGSERVICE] [restartedMain] o.s.b.a.e.web.EndpointLinksResolver      : Exposing 1 endpoint beneath base path '/actuator'
2025-08-13T21:37:36.171+05:30  INFO 25124 --- [HOTEL-MANAGEMENT-APPLICATION-BOOKINGSERVICE] [restartedMain] o.s.c.n.eureka.InstanceInfoFactory       : Setting initial instance status as: STARTING
2025-08-13T21:37:36.196+05:30  INFO 25124 --- [HOTEL-MANAGEMENT-APPLICATION-BOOKINGSERVICE] [restartedMain] com.netflix.discovery.DiscoveryClient    : Initializing Eureka in region us-east-1
2025-08-13T21:37:36.200+05:30  INFO 25124 --- [HOTEL-MANAGEMENT-APPLICATION-BOOKINGSERVICE] [restartedMain] c.n.d.s.r.aws.ConfigClusterResolver      : Resolving eureka endpoints via configuration
2025-08-13T21:37:36.209+05:30  INFO 25124 --- [HOTEL-MANAGEMENT-APPLICATION-BOOKINGSERVICE] [restartedMain] com.netflix.discovery.DiscoveryClient    : Disable delta property : false
2025-08-13T21:37:36.209+05:30  INFO 25124 --- [HOTEL-MANAGEMENT-APPLICATION-BOOKINGSERVICE] [restartedMain] com.netflix.discovery.DiscoveryClient    : Single vip registry refresh property : null
2025-08-13T21:37:36.210+05:30  INFO 25124 --- [HOTEL-MANAGEMENT-APPLICATION-BOOKINGSERVICE] [restartedMain] com.netflix.discovery.DiscoveryClient    : Force full registry fetch : false
2025-08-13T21:37:36.210+05:30  INFO 25124 --- [HOTEL-MANAGEMENT-APPLICATION-BOOKINGSERVICE] [restartedMain] com.netflix.discovery.DiscoveryClient    : Application is null : false
2025-08-13T21:37:36.210+05:30  INFO 25124 --- [HOTEL-MANAGEMENT-APPLICATION-BOOKINGSERVICE] [restartedMain] com.netflix.discovery.DiscoveryClient    : Registered Applications size is zero : true
2025-08-13T21:37:36.210+05:30  INFO 25124 --- [HOTEL-MANAGEMENT-APPLICATION-BOOKINGSERVICE] [restartedMain] com.netflix.discovery.DiscoveryClient    : Application version is -1: true
2025-08-13T21:37:36.210+05:30  INFO 25124 --- [HOTEL-MANAGEMENT-APPLICATION-BOOKINGSERVICE] [restartedMain] com.netflix.discovery.DiscoveryClient    : Getting all instance registry info from the eureka server
2025-08-13T21:37:36.484+05:30  INFO 25124 --- [HOTEL-MANAGEMENT-APPLICATION-BOOKINGSERVICE] [restartedMain] com.netflix.discovery.DiscoveryClient    : The response status is 200
2025-08-13T21:37:36.486+05:30  INFO 25124 --- [HOTEL-MANAGEMENT-APPLICATION-BOOKINGSERVICE] [restartedMain] com.netflix.discovery.DiscoveryClient    : Starting heartbeat executor: renew interval is: 30
2025-08-13T21:37:36.487+05:30  INFO 25124 --- [HOTEL-MANAGEMENT-APPLICATION-BOOKINGSERVICE] [restartedMain] c.n.discovery.InstanceInfoReplicator     : InstanceInfoReplicator onDemand update allowed rate per min is 4
2025-08-13T21:37:36.489+05:30  INFO 25124 --- [HOTEL-MANAGEMENT-APPLICATION-BOOKINGSERVICE] [restartedMain] com.netflix.discovery.DiscoveryClient    : Discovery Client initialized at timestamp 1755101256488 with initial instances count: 2
2025-08-13T21:37:36.500+05:30  INFO 25124 --- [HOTEL-MANAGEMENT-APPLICATION-BOOKINGSERVICE] [restartedMain] o.s.c.n.e.s.EurekaServiceRegistry        : Registering application HOTEL-MANAGEMENT-APPLICATION-BOOKINGSERVICE with eureka with status UP
2025-08-13T21:37:36.501+05:30  INFO 25124 --- [HOTEL-MANAGEMENT-APPLICATION-BOOKINGSERVICE] [restartedMain] com.netflix.discovery.DiscoveryClient    : Saw local status change event StatusChangeEvent [timestamp=1755101256501, current=UP, previous=STARTING]
2025-08-13T21:37:36.502+05:30  INFO 25124 --- [HOTEL-MANAGEMENT-APPLICATION-BOOKINGSERVICE] [DiscoveryClient-InstanceInfoReplicator-%d] com.netflix.discovery.DiscoveryClient    : DiscoveryClient_HOTEL-MANAGEMENT-APPLICATION-BOOKINGSERVICE/Shobhit:HOTEL-MANAGEMENT-APPLICATION-BOOKINGSERVICE:9095: registering service...
2025-08-13T21:37:36.526+05:30  INFO 25124 --- [HOTEL-MANAGEMENT-APPLICATION-BOOKINGSERVICE] [restartedMain] o.s.b.w.embedded.tomcat.TomcatWebServer  : Tomcat started on port 9095 (http) with context path '/'
2025-08-13T21:37:36.527+05:30  INFO 25124 --- [HOTEL-MANAGEMENT-APPLICATION-BOOKINGSERVICE] [restartedMain] .s.c.n.e.s.EurekaAutoServiceRegistration : Updating port to 9095
2025-08-13T21:37:36.536+05:30  INFO 25124 --- [HOTEL-MANAGEMENT-APPLICATION-BOOKINGSERVICE] [DiscoveryClient-InstanceInfoReplicator-%d] com.netflix.discovery.DiscoveryClient    : DiscoveryClient_HOTEL-MANAGEMENT-APPLICATION-BOOKINGSERVICE/Shobhit:HOTEL-MANAGEMENT-APPLICATION-BOOKINGSERVICE:9095 - registration status: 204
2025-08-13T21:37:36.646+05:30  INFO 25124 --- [HOTEL-MANAGEMENT-APPLICATION-BOOKINGSERVICE] [restartedMain] mentApplicationBookingServiceApplication : Started HotelManagementApplicationBookingServiceApplication in 9.897 seconds (process running for 10.685)
2025-08-13T21:37:37.220+05:30  INFO 25124 --- [HOTEL-MANAGEMENT-APPLICATION-BOOKINGSERVICE] [RMI TCP Connection(8)-127.0.0.1] o.a.c.c.C.[Tomcat].[localhost].[/]       : Initializing Spring DispatcherServlet 'dispatcherServlet'
2025-08-13T21:37:37.221+05:30  INFO 25124 --- [HOTEL-MANAGEMENT-APPLICATION-BOOKINGSERVICE] [RMI TCP Connection(8)-127.0.0.1] o.s.web.servlet.DispatcherServlet        : Initializing Servlet 'dispatcherServlet'
2025-08-13T21:37:37.222+05:30  INFO 25124 --- [HOTEL-MANAGEMENT-APPLICATION-BOOKINGSERVICE] [RMI TCP Connection(8)-127.0.0.1] o.s.web.servlet.DispatcherServlet        : Completed initialization in 1 ms
2025-08-13T21:42:36.215+05:30  INFO 25124 --- [HOTEL-MANAGEMENT-APPLICATION-BOOKINGSERVICE] [AsyncResolver-bootstrap-executor-%d] c.n.d.s.r.aws.ConfigClusterResolver      : Resolving eureka endpoints via configuration
2025-08-13T21:47:36.405+05:30  INFO 25124 --- [HOTEL-MANAGEMENT-APPLICATION-BOOKINGSERVICE] [AsyncResolver-bootstrap-executor-%d] c.n.d.s.r.aws.ConfigClusterResolver      : Resolving eureka endpoints via configuration
2025-08-13T21:48:01.577+05:30  INFO 25124 --- [HOTEL-MANAGEMENT-APPLICATION-BOOKINGSERVICE] [File Watcher] rtingClassPathChangeChangedEventListener : Restarting due to 1 class path change (0 additions, 0 deletions, 1 modification)
2025-08-13T21:48:01.582+05:30  INFO 25124 --- [HOTEL-MANAGEMENT-APPLICATION-BOOKINGSERVICE] [Thread-1] o.s.c.n.e.s.EurekaServiceRegistry        : Unregistering application HOTEL-MANAGEMENT-APPLICATION-BOOKINGSERVICE with eureka with status DOWN
2025-08-13T21:48:01.583+05:30  INFO 25124 --- [HOTEL-MANAGEMENT-APPLICATION-BOOKINGSERVICE] [Thread-1] com.netflix.discovery.DiscoveryClient    : Saw local status change event StatusChangeEvent [timestamp=1755101881583, current=DOWN, previous=UP]
2025-08-13T21:48:01.583+05:30  INFO 25124 --- [HOTEL-MANAGEMENT-APPLICATION-BOOKINGSERVICE] [DiscoveryClient-InstanceInfoReplicator-%d] com.netflix.discovery.DiscoveryClient    : DiscoveryClient_HOTEL-MANAGEMENT-APPLICATION-BOOKINGSERVICE/Shobhit:HOTEL-MANAGEMENT-APPLICATION-BOOKINGSERVICE:9095: registering service...
2025-08-13T21:48:01.588+05:30  INFO 25124 --- [HOTEL-MANAGEMENT-APPLICATION-BOOKINGSERVICE] [Thread-1] o.s.b.w.e.tomcat.GracefulShutdown        : Commencing graceful shutdown. Waiting for active requests to complete
2025-08-13T21:48:01.606+05:30  INFO 25124 --- [HOTEL-MANAGEMENT-APPLICATION-BOOKINGSERVICE] [DiscoveryClient-InstanceInfoReplicator-%d] com.netflix.discovery.DiscoveryClient    : DiscoveryClient_HOTEL-MANAGEMENT-APPLICATION-BOOKINGSERVICE/Shobhit:HOTEL-MANAGEMENT-APPLICATION-BOOKINGSERVICE:9095 - registration status: 204
2025-08-13T21:48:01.773+05:30  INFO 25124 --- [HOTEL-MANAGEMENT-APPLICATION-BOOKINGSERVICE] [tomcat-shutdown] o.s.b.w.e.tomcat.GracefulShutdown        : Graceful shutdown complete
2025-08-13T21:48:01.785+05:30  INFO 25124 --- [HOTEL-MANAGEMENT-APPLICATION-BOOKINGSERVICE] [Thread-1] j.LocalContainerEntityManagerFactoryBean : Closing JPA EntityManagerFactory for persistence unit 'default'
2025-08-13T21:48:01.793+05:30  INFO 25124 --- [HOTEL-MANAGEMENT-APPLICATION-BOOKINGSERVICE] [Thread-1] com.zaxxer.hikari.HikariDataSource       : HikariPool-1 - Shutdown initiated...
2025-08-13T21:48:01.803+05:30  INFO 25124 --- [HOTEL-MANAGEMENT-APPLICATION-BOOKINGSERVICE] [Thread-1] com.zaxxer.hikari.HikariDataSource       : HikariPool-1 - Shutdown completed.
2025-08-13T21:48:01.806+05:30  INFO 25124 --- [HOTEL-MANAGEMENT-APPLICATION-BOOKINGSERVICE] [Thread-1] com.netflix.discovery.DiscoveryClient    : Shutting down DiscoveryClient ...
2025-08-13T21:48:04.810+05:30  INFO 25124 --- [HOTEL-MANAGEMENT-APPLICATION-BOOKINGSERVICE] [Thread-1] com.netflix.discovery.DiscoveryClient    : Unregistering ...
2025-08-13T21:48:04.823+05:30  INFO 25124 --- [HOTEL-MANAGEMENT-APPLICATION-BOOKINGSERVICE] [Thread-1] com.netflix.discovery.DiscoveryClient    : DiscoveryClient_HOTEL-MANAGEMENT-APPLICATION-BOOKINGSERVICE/Shobhit:HOTEL-MANAGEMENT-APPLICATION-BOOKINGSERVICE:9095 - deregister  status: 200
2025-08-13T21:48:04.824+05:30  INFO 25124 --- [HOTEL-MANAGEMENT-APPLICATION-BOOKINGSERVICE] [Thread-1] com.netflix.discovery.DiscoveryClient    : Completed shut down of DiscoveryClient
2025-08-13T21:48:07.778+05:30  INFO 25124 --- [HOTEL-MANAGEMENT-APPLICATION-BOOKINGSERVICE] [restartedMain] mentApplicationBookingServiceApplication : Starting HotelManagementApplicationBookingServiceApplication using Java 17.0.2 with PID 25124 (E:\Wipro\Microservices\Hotel-Management-Microservice\Hotel-Management-Application-BookingService\target\classes started by Shobhit PC in E:\Wipro\Microservices\Hotel-Management-Microservice\Hotel-Management-Application-BookingService)
2025-08-13T21:48:07.779+05:30  INFO 25124 --- [HOTEL-MANAGEMENT-APPLICATION-BOOKINGSERVICE] [restartedMain] mentApplicationBookingServiceApplication : No active profile set, falling back to 1 default profile: "default"
2025-08-13T21:48:07.782+05:30  INFO 25124 --- [HOTEL-MANAGEMENT-APPLICATION-BOOKINGSERVICE] [restartedMain] o.s.c.c.c.ConfigServerConfigDataLoader   : Fetching config from server at : http://localhost:9092
2025-08-13T21:48:07.783+05:30  INFO 25124 --- [HOTEL-MANAGEMENT-APPLICATION-BOOKINGSERVICE] [restartedMain] o.s.c.c.c.ConfigServerConfigDataLoader   : Located environment: name=HOTEL-MANAGEMENT-APPLICATION-BOOKINGSERVICE, profiles=[default], label=null, version=67dbd04e6efed51f737a4b0f2094eae5b4d304e5, state=
2025-08-13T21:48:08.443+05:30  INFO 25124 --- [HOTEL-MANAGEMENT-APPLICATION-BOOKINGSERVICE] [restartedMain] .s.d.r.c.RepositoryConfigurationDelegate : Bootstrapping Spring Data JPA repositories in DEFAULT mode.
2025-08-13T21:48:08.452+05:30  INFO 25124 --- [HOTEL-MANAGEMENT-APPLICATION-BOOKINGSERVICE] [restartedMain] .s.d.r.c.RepositoryConfigurationDelegate : Finished Spring Data repository scanning in 7 ms. Found 1 JPA repository interface.
2025-08-13T21:48:08.541+05:30  INFO 25124 --- [HOTEL-MANAGEMENT-APPLICATION-BOOKINGSERVICE] [restartedMain] o.s.cloud.context.scope.GenericScope     : BeanFactory id=40150e1a-5020-3413-b659-4b1f3b5f978b
2025-08-13T21:48:08.778+05:30  INFO 25124 --- [HOTEL-MANAGEMENT-APPLICATION-BOOKINGSERVICE] [restartedMain] o.s.b.w.embedded.tomcat.TomcatWebServer  : Tomcat initialized with port 9095 (http)
2025-08-13T21:48:08.779+05:30  INFO 25124 --- [HOTEL-MANAGEMENT-APPLICATION-BOOKINGSERVICE] [restartedMain] o.apache.catalina.core.StandardService   : Starting service [Tomcat]
2025-08-13T21:48:08.779+05:30  INFO 25124 --- [HOTEL-MANAGEMENT-APPLICATION-BOOKINGSERVICE] [restartedMain] o.apache.catalina.core.StandardEngine    : Starting Servlet engine: [Apache Tomcat/10.1.43]
2025-08-13T21:48:08.818+05:30  INFO 25124 --- [HOTEL-MANAGEMENT-APPLICATION-BOOKINGSERVICE] [restartedMain] o.a.c.c.C.[Tomcat].[localhost].[/]       : Initializing Spring embedded WebApplicationContext
2025-08-13T21:48:08.819+05:30  INFO 25124 --- [HOTEL-MANAGEMENT-APPLICATION-BOOKINGSERVICE] [restartedMain] w.s.c.ServletWebServerApplicationContext : Root WebApplicationContext: initialization completed in 1036 ms
2025-08-13T21:48:09.125+05:30  INFO 25124 --- [HOTEL-MANAGEMENT-APPLICATION-BOOKINGSERVICE] [restartedMain] o.hibernate.jpa.internal.util.LogHelper  : HHH000204: Processing PersistenceUnitInfo [name: default]
2025-08-13T21:48:09.130+05:30  INFO 25124 --- [HOTEL-MANAGEMENT-APPLICATION-BOOKINGSERVICE] [restartedMain] o.h.c.internal.RegionFactoryInitiator    : HHH000026: Second-level cache disabled
2025-08-13T21:48:09.144+05:30  INFO 25124 --- [HOTEL-MANAGEMENT-APPLICATION-BOOKINGSERVICE] [restartedMain] o.s.o.j.p.SpringPersistenceUnitInfo      : No LoadTimeWeaver setup: ignoring JPA class transformer
2025-08-13T21:48:09.146+05:30  INFO 25124 --- [HOTEL-MANAGEMENT-APPLICATION-BOOKINGSERVICE] [restartedMain] com.zaxxer.hikari.HikariDataSource       : HikariPool-2 - Starting...
2025-08-13T21:48:09.151+05:30  INFO 25124 --- [HOTEL-MANAGEMENT-APPLICATION-BOOKINGSERVICE] [restartedMain] com.zaxxer.hikari.pool.HikariPool        : HikariPool-2 - Added connection com.mysql.cj.jdbc.ConnectionImpl@51bddb94
2025-08-13T21:48:09.151+05:30  INFO 25124 --- [HOTEL-MANAGEMENT-APPLICATION-BOOKINGSERVICE] [restartedMain] com.zaxxer.hikari.HikariDataSource       : HikariPool-2 - Start completed.
2025-08-13T21:48:09.153+05:30  WARN 25124 --- [HOTEL-MANAGEMENT-APPLICATION-BOOKINGSERVICE] [restartedMain] org.hibernate.dialect.Dialect            : HHH000511: The 5.5.27 version for [org.hibernate.dialect.MySQLDialect] is no longer supported, hence certain features may not work properly. The minimum supported version is 8.0.0. Check the community dialects project for available legacy versions.
2025-08-13T21:48:09.153+05:30  WARN 25124 --- [HOTEL-MANAGEMENT-APPLICATION-BOOKINGSERVICE] [restartedMain] org.hibernate.orm.deprecation            : HHH90000025: MySQLDialect does not need to be specified explicitly using 'hibernate.dialect' (remove the property setting and it will be selected by default)
2025-08-13T21:48:09.154+05:30  INFO 25124 --- [HOTEL-MANAGEMENT-APPLICATION-BOOKINGSERVICE] [restartedMain] org.hibernate.orm.connections.pooling    : HHH10001005: Database info:
	Database JDBC URL [Connecting through datasource 'HikariDataSource (HikariPool-2)']
	Database driver: undefined/unknown
	Database version: 5.5.27
	Autocommit mode: undefined/unknown
	Isolation level: undefined/unknown
	Minimum pool size: undefined/unknown
	Maximum pool size: undefined/unknown
2025-08-13T21:48:09.200+05:30  INFO 25124 --- [HOTEL-MANAGEMENT-APPLICATION-BOOKINGSERVICE] [restartedMain] o.h.e.t.j.p.i.JtaPlatformInitiator       : HHH000489: No JTA platform available (set 'hibernate.transaction.jta.platform' to enable JTA platform integration)
2025-08-13T21:48:09.217+05:30  INFO 25124 --- [HOTEL-MANAGEMENT-APPLICATION-BOOKINGSERVICE] [restartedMain] j.LocalContainerEntityManagerFactoryBean : Initialized JPA EntityManagerFactory for persistence unit 'default'
2025-08-13T21:48:09.444+05:30  WARN 25124 --- [HOTEL-MANAGEMENT-APPLICATION-BOOKINGSERVICE] [restartedMain] JpaBaseConfiguration$JpaWebConfiguration : spring.jpa.open-in-view is enabled by default. Therefore, database queries may be performed during view rendering. Explicitly configure spring.jpa.open-in-view to disable this warning
2025-08-13T21:48:10.744+05:30  WARN 25124 --- [HOTEL-MANAGEMENT-APPLICATION-BOOKINGSERVICE] [restartedMain] o.s.b.d.a.OptionalLiveReloadServer       : Unable to start LiveReload server
2025-08-13T21:48:10.887+05:30  INFO 25124 --- [HOTEL-MANAGEMENT-APPLICATION-BOOKINGSERVICE] [restartedMain] DiscoveryClientOptionalArgsConfiguration : Eureka HTTP Client uses RestTemplate.
2025-08-13T21:48:10.965+05:30  WARN 25124 --- [HOTEL-MANAGEMENT-APPLICATION-BOOKINGSERVICE] [restartedMain] iguration$LoadBalancerCaffeineWarnLogger : Spring Cloud LoadBalancer is currently working with the default cache. While this cache implementation is useful for development and tests, it's recommended to use Caffeine cache in production.You can switch to using Caffeine cache, by adding it and org.springframework.cache.caffeine.CaffeineCacheManager to the classpath.
2025-08-13T21:48:11.001+05:30  INFO 25124 --- [HOTEL-MANAGEMENT-APPLICATION-BOOKINGSERVICE] [restartedMain] o.s.b.a.e.web.EndpointLinksResolver      : Exposing 1 endpoint beneath base path '/actuator'
2025-08-13T21:48:11.141+05:30  INFO 25124 --- [HOTEL-MANAGEMENT-APPLICATION-BOOKINGSERVICE] [restartedMain] o.s.c.n.eureka.InstanceInfoFactory       : Setting initial instance status as: STARTING
2025-08-13T21:48:11.152+05:30  INFO 25124 --- [HOTEL-MANAGEMENT-APPLICATION-BOOKINGSERVICE] [restartedMain] com.netflix.discovery.DiscoveryClient    : Initializing Eureka in region us-east-1
2025-08-13T21:48:11.152+05:30  INFO 25124 --- [HOTEL-MANAGEMENT-APPLICATION-BOOKINGSERVICE] [restartedMain] c.n.d.s.r.aws.ConfigClusterResolver      : Resolving eureka endpoints via configuration
2025-08-13T21:48:11.152+05:30  INFO 25124 --- [HOTEL-MANAGEMENT-APPLICATION-BOOKINGSERVICE] [restartedMain] com.netflix.discovery.DiscoveryClient    : Disable delta property : false
2025-08-13T21:48:11.152+05:30  INFO 25124 --- [HOTEL-MANAGEMENT-APPLICATION-BOOKINGSERVICE] [restartedMain] com.netflix.discovery.DiscoveryClient    : Single vip registry refresh property : null
2025-08-13T21:48:11.152+05:30  INFO 25124 --- [HOTEL-MANAGEMENT-APPLICATION-BOOKINGSERVICE] [restartedMain] com.netflix.discovery.DiscoveryClient    : Force full registry fetch : false
2025-08-13T21:48:11.152+05:30  INFO 25124 --- [HOTEL-MANAGEMENT-APPLICATION-BOOKINGSERVICE] [restartedMain] com.netflix.discovery.DiscoveryClient    : Application is null : false
2025-08-13T21:48:11.152+05:30  INFO 25124 --- [HOTEL-MANAGEMENT-APPLICATION-BOOKINGSERVICE] [restartedMain] com.netflix.discovery.DiscoveryClient    : Registered Applications size is zero : true
2025-08-13T21:48:11.152+05:30  INFO 25124 --- [HOTEL-MANAGEMENT-APPLICATION-BOOKINGSERVICE] [restartedMain] com.netflix.discovery.DiscoveryClient    : Application version is -1: true
2025-08-13T21:48:11.152+05:30  INFO 25124 --- [HOTEL-MANAGEMENT-APPLICATION-BOOKINGSERVICE] [restartedMain] com.netflix.discovery.DiscoveryClient    : Getting all instance registry info from the eureka server
2025-08-13T21:48:11.191+05:30  INFO 25124 --- [HOTEL-MANAGEMENT-APPLICATION-BOOKINGSERVICE] [restartedMain] com.netflix.discovery.DiscoveryClient    : The response status is 200
2025-08-13T21:48:11.192+05:30  INFO 25124 --- [HOTEL-MANAGEMENT-APPLICATION-BOOKINGSERVICE] [restartedMain] com.netflix.discovery.DiscoveryClient    : Starting heartbeat executor: renew interval is: 30
2025-08-13T21:48:11.192+05:30  INFO 25124 --- [HOTEL-MANAGEMENT-APPLICATION-BOOKINGSERVICE] [restartedMain] c.n.discovery.InstanceInfoReplicator     : InstanceInfoReplicator onDemand update allowed rate per min is 4
2025-08-13T21:48:11.192+05:30  INFO 25124 --- [HOTEL-MANAGEMENT-APPLICATION-BOOKINGSERVICE] [restartedMain] com.netflix.discovery.DiscoveryClient    : Discovery Client initialized at timestamp 1755101891192 with initial instances count: 5
2025-08-13T21:48:11.203+05:30  INFO 25124 --- [HOTEL-MANAGEMENT-APPLICATION-BOOKINGSERVICE] [restartedMain] o.s.c.n.e.s.EurekaServiceRegistry        : Registering application HOTEL-MANAGEMENT-APPLICATION-BOOKINGSERVICE with eureka with status UP
2025-08-13T21:48:11.204+05:30  INFO 25124 --- [HOTEL-MANAGEMENT-APPLICATION-BOOKINGSERVICE] [restartedMain] com.netflix.discovery.DiscoveryClient    : Saw local status change event StatusChangeEvent [timestamp=1755101891204, current=UP, previous=STARTING]
2025-08-13T21:48:11.204+05:30  INFO 25124 --- [HOTEL-MANAGEMENT-APPLICATION-BOOKINGSERVICE] [DiscoveryClient-InstanceInfoReplicator-%d] com.netflix.discovery.DiscoveryClient    : DiscoveryClient_HOTEL-MANAGEMENT-APPLICATION-BOOKINGSERVICE/Shobhit:HOTEL-MANAGEMENT-APPLICATION-BOOKINGSERVICE:9095: registering service...
2025-08-13T21:48:11.209+05:30  INFO 25124 --- [HOTEL-MANAGEMENT-APPLICATION-BOOKINGSERVICE] [restartedMain] o.s.b.w.embedded.tomcat.TomcatWebServer  : Tomcat started on port 9095 (http) with context path '/'
2025-08-13T21:48:11.210+05:30  INFO 25124 --- [HOTEL-MANAGEMENT-APPLICATION-BOOKINGSERVICE] [restartedMain] .s.c.n.e.s.EurekaAutoServiceRegistration : Updating port to 9095
2025-08-13T21:48:11.222+05:30  INFO 25124 --- [HOTEL-MANAGEMENT-APPLICATION-BOOKINGSERVICE] [DiscoveryClient-InstanceInfoReplicator-%d] com.netflix.discovery.DiscoveryClient    : DiscoveryClient_HOTEL-MANAGEMENT-APPLICATION-BOOKINGSERVICE/Shobhit:HOTEL-MANAGEMENT-APPLICATION-BOOKINGSERVICE:9095 - registration status: 204
2025-08-13T21:48:11.322+05:30  INFO 25124 --- [HOTEL-MANAGEMENT-APPLICATION-BOOKINGSERVICE] [restartedMain] mentApplicationBookingServiceApplication : Started HotelManagementApplicationBookingServiceApplication in 6.106 seconds (process running for 645.36)
2025-08-13T21:48:11.325+05:30  INFO 25124 --- [HOTEL-MANAGEMENT-APPLICATION-BOOKINGSERVICE] [restartedMain] .ConditionEvaluationDeltaLoggingListener : Condition evaluation unchanged
2025-08-13T21:48:24.785+05:30  INFO 25124 --- [HOTEL-MANAGEMENT-APPLICATION-BOOKINGSERVICE] [http-nio-9095-exec-2] o.a.c.c.C.[Tomcat].[localhost].[/]       : Initializing Spring DispatcherServlet 'dispatcherServlet'
2025-08-13T21:48:24.785+05:30  INFO 25124 --- [HOTEL-MANAGEMENT-APPLICATION-BOOKINGSERVICE] [http-nio-9095-exec-2] o.s.web.servlet.DispatcherServlet        : Initializing Servlet 'dispatcherServlet'
2025-08-13T21:48:24.787+05:30  INFO 25124 --- [HOTEL-MANAGEMENT-APPLICATION-BOOKINGSERVICE] [http-nio-9095-exec-2] o.s.web.servlet.DispatcherServlet        : Completed initialization in 2 ms
2025-08-13T21:49:26.572+05:30  INFO 25124 --- [HOTEL-MANAGEMENT-APPLICATION-BOOKINGSERVICE] [File Watcher] rtingClassPathChangeChangedEventListener : Restarting due to 1 class path change (0 additions, 0 deletions, 1 modification)
2025-08-13T21:49:26.573+05:30  INFO 25124 --- [HOTEL-MANAGEMENT-APPLICATION-BOOKINGSERVICE] [Thread-7] o.s.c.n.e.s.EurekaServiceRegistry        : Unregistering application HOTEL-MANAGEMENT-APPLICATION-BOOKINGSERVICE with eureka with status DOWN
2025-08-13T21:49:26.573+05:30  INFO 25124 --- [HOTEL-MANAGEMENT-APPLICATION-BOOKINGSERVICE] [Thread-7] com.netflix.discovery.DiscoveryClient    : Saw local status change event StatusChangeEvent [timestamp=1755101966573, current=DOWN, previous=UP]
2025-08-13T21:49:26.573+05:30  INFO 25124 --- [HOTEL-MANAGEMENT-APPLICATION-BOOKINGSERVICE] [DiscoveryClient-InstanceInfoReplicator-%d] com.netflix.discovery.DiscoveryClient    : DiscoveryClient_HOTEL-MANAGEMENT-APPLICATION-BOOKINGSERVICE/Shobhit:HOTEL-MANAGEMENT-APPLICATION-BOOKINGSERVICE:9095: registering service...
2025-08-13T21:49:26.574+05:30  INFO 25124 --- [HOTEL-MANAGEMENT-APPLICATION-BOOKINGSERVICE] [Thread-7] o.s.b.w.e.tomcat.GracefulShutdown        : Commencing graceful shutdown. Waiting for active requests to complete
2025-08-13T21:49:26.580+05:30  INFO 25124 --- [HOTEL-MANAGEMENT-APPLICATION-BOOKINGSERVICE] [DiscoveryClient-InstanceInfoReplicator-%d] com.netflix.discovery.DiscoveryClient    : DiscoveryClient_HOTEL-MANAGEMENT-APPLICATION-BOOKINGSERVICE/Shobhit:HOTEL-MANAGEMENT-APPLICATION-BOOKINGSERVICE:9095 - registration status: 204
2025-08-13T21:49:26.765+05:30  INFO 25124 --- [HOTEL-MANAGEMENT-APPLICATION-BOOKINGSERVICE] [tomcat-shutdown] o.s.b.w.e.tomcat.GracefulShutdown        : Graceful shutdown complete
2025-08-13T21:49:26.768+05:30  INFO 25124 --- [HOTEL-MANAGEMENT-APPLICATION-BOOKINGSERVICE] [Thread-7] j.LocalContainerEntityManagerFactoryBean : Closing JPA EntityManagerFactory for persistence unit 'default'
2025-08-13T21:49:26.769+05:30  INFO 25124 --- [HOTEL-MANAGEMENT-APPLICATION-BOOKINGSERVICE] [Thread-7] com.zaxxer.hikari.HikariDataSource       : HikariPool-2 - Shutdown initiated...
2025-08-13T21:49:26.770+05:30  INFO 25124 --- [HOTEL-MANAGEMENT-APPLICATION-BOOKINGSERVICE] [Thread-7] com.zaxxer.hikari.HikariDataSource       : HikariPool-2 - Shutdown completed.
2025-08-13T21:49:26.771+05:30  INFO 25124 --- [HOTEL-MANAGEMENT-APPLICATION-BOOKINGSERVICE] [Thread-7] com.netflix.discovery.DiscoveryClient    : Shutting down DiscoveryClient ...
2025-08-13T21:49:29.773+05:30  INFO 25124 --- [HOTEL-MANAGEMENT-APPLICATION-BOOKINGSERVICE] [Thread-7] com.netflix.discovery.DiscoveryClient    : Unregistering ...
2025-08-13T21:49:29.778+05:30  INFO 25124 --- [HOTEL-MANAGEMENT-APPLICATION-BOOKINGSERVICE] [Thread-7] com.netflix.discovery.DiscoveryClient    : DiscoveryClient_HOTEL-MANAGEMENT-APPLICATION-BOOKINGSERVICE/Shobhit:HOTEL-MANAGEMENT-APPLICATION-BOOKINGSERVICE:9095 - deregister  status: 200
2025-08-13T21:49:29.778+05:30  INFO 25124 --- [HOTEL-MANAGEMENT-APPLICATION-BOOKINGSERVICE] [Thread-7] com.netflix.discovery.DiscoveryClient    : Completed shut down of DiscoveryClient
2025-08-13T21:49:31.478+05:30  INFO 25124 --- [HOTEL-MANAGEMENT-APPLICATION-BOOKINGSERVICE] [restartedMain] mentApplicationBookingServiceApplication : Starting HotelManagementApplicationBookingServiceApplication using Java 17.0.2 with PID 25124 (E:\Wipro\Microservices\Hotel-Management-Microservice\Hotel-Management-Application-BookingService\target\classes started by Shobhit PC in E:\Wipro\Microservices\Hotel-Management-Microservice\Hotel-Management-Application-BookingService)
2025-08-13T21:49:31.478+05:30  INFO 25124 --- [HOTEL-MANAGEMENT-APPLICATION-BOOKINGSERVICE] [restartedMain] mentApplicationBookingServiceApplication : No active profile set, falling back to 1 default profile: "default"
2025-08-13T21:49:31.480+05:30  INFO 25124 --- [HOTEL-MANAGEMENT-APPLICATION-BOOKINGSERVICE] [restartedMain] o.s.c.c.c.ConfigServerConfigDataLoader   : Fetching config from server at : http://localhost:9092
2025-08-13T21:49:31.480+05:30  INFO 25124 --- [HOTEL-MANAGEMENT-APPLICATION-BOOKINGSERVICE] [restartedMain] o.s.c.c.c.ConfigServerConfigDataLoader   : Located environment: name=HOTEL-MANAGEMENT-APPLICATION-BOOKINGSERVICE, profiles=[default], label=null, version=67dbd04e6efed51f737a4b0f2094eae5b4d304e5, state=
2025-08-13T21:49:31.865+05:30  INFO 25124 --- [HOTEL-MANAGEMENT-APPLICATION-BOOKINGSERVICE] [restartedMain] .s.d.r.c.RepositoryConfigurationDelegate : Bootstrapping Spring Data JPA repositories in DEFAULT mode.
2025-08-13T21:49:31.873+05:30  INFO 25124 --- [HOTEL-MANAGEMENT-APPLICATION-BOOKINGSERVICE] [restartedMain] .s.d.r.c.RepositoryConfigurationDelegate : Finished Spring Data repository scanning in 6 ms. Found 1 JPA repository interface.
2025-08-13T21:49:31.949+05:30  INFO 25124 --- [HOTEL-MANAGEMENT-APPLICATION-BOOKINGSERVICE] [restartedMain] o.s.cloud.context.scope.GenericScope     : BeanFactory id=40150e1a-5020-3413-b659-4b1f3b5f978b
2025-08-13T21:49:32.144+05:30  INFO 25124 --- [HOTEL-MANAGEMENT-APPLICATION-BOOKINGSERVICE] [restartedMain] o.s.b.w.embedded.tomcat.TomcatWebServer  : Tomcat initialized with port 9095 (http)
2025-08-13T21:49:32.144+05:30  INFO 25124 --- [HOTEL-MANAGEMENT-APPLICATION-BOOKINGSERVICE] [restartedMain] o.apache.catalina.core.StandardService   : Starting service [Tomcat]
2025-08-13T21:49:32.144+05:30  INFO 25124 --- [HOTEL-MANAGEMENT-APPLICATION-BOOKINGSERVICE] [restartedMain] o.apache.catalina.core.StandardEngine    : Starting Servlet engine: [Apache Tomcat/10.1.43]
2025-08-13T21:49:32.183+05:30  INFO 25124 --- [HOTEL-MANAGEMENT-APPLICATION-BOOKINGSERVICE] [restartedMain] o.a.c.c.C.[Tomcat].[localhost].[/]       : Initializing Spring embedded WebApplicationContext
2025-08-13T21:49:32.183+05:30  INFO 25124 --- [HOTEL-MANAGEMENT-APPLICATION-BOOKINGSERVICE] [restartedMain] w.s.c.ServletWebServerApplicationContext : Root WebApplicationContext: initialization completed in 703 ms
2025-08-13T21:49:32.440+05:30  INFO 25124 --- [HOTEL-MANAGEMENT-APPLICATION-BOOKINGSERVICE] [restartedMain] o.hibernate.jpa.internal.util.LogHelper  : HHH000204: Processing PersistenceUnitInfo [name: default]
2025-08-13T21:49:32.444+05:30  INFO 25124 --- [HOTEL-MANAGEMENT-APPLICATION-BOOKINGSERVICE] [restartedMain] o.h.c.internal.RegionFactoryInitiator    : HHH000026: Second-level cache disabled
2025-08-13T21:49:32.453+05:30  INFO 25124 --- [HOTEL-MANAGEMENT-APPLICATION-BOOKINGSERVICE] [restartedMain] o.s.o.j.p.SpringPersistenceUnitInfo      : No LoadTimeWeaver setup: ignoring JPA class transformer
2025-08-13T21:49:32.454+05:30  INFO 25124 --- [HOTEL-MANAGEMENT-APPLICATION-BOOKINGSERVICE] [restartedMain] com.zaxxer.hikari.HikariDataSource       : HikariPool-3 - Starting...
2025-08-13T21:49:32.456+05:30  INFO 25124 --- [HOTEL-MANAGEMENT-APPLICATION-BOOKINGSERVICE] [restartedMain] com.zaxxer.hikari.pool.HikariPool        : HikariPool-3 - Added connection com.mysql.cj.jdbc.ConnectionImpl@3ae211a4
2025-08-13T21:49:32.457+05:30  INFO 25124 --- [HOTEL-MANAGEMENT-APPLICATION-BOOKINGSERVICE] [restartedMain] com.zaxxer.hikari.HikariDataSource       : HikariPool-3 - Start completed.
2025-08-13T21:49:32.458+05:30  WARN 25124 --- [HOTEL-MANAGEMENT-APPLICATION-BOOKINGSERVICE] [restartedMain] org.hibernate.dialect.Dialect            : HHH000511: The 5.5.27 version for [org.hibernate.dialect.MySQLDialect] is no longer supported, hence certain features may not work properly. The minimum supported version is 8.0.0. Check the community dialects project for available legacy versions.
2025-08-13T21:49:32.458+05:30  WARN 25124 --- [HOTEL-MANAGEMENT-APPLICATION-BOOKINGSERVICE] [restartedMain] org.hibernate.orm.deprecation            : HHH90000025: MySQLDialect does not need to be specified explicitly using 'hibernate.dialect' (remove the property setting and it will be selected by default)
2025-08-13T21:49:32.459+05:30  INFO 25124 --- [HOTEL-MANAGEMENT-APPLICATION-BOOKINGSERVICE] [restartedMain] org.hibernate.orm.connections.pooling    : HHH10001005: Database info:
	Database JDBC URL [Connecting through datasource 'HikariDataSource (HikariPool-3)']
	Database driver: undefined/unknown
	Database version: 5.5.27
	Autocommit mode: undefined/unknown
	Isolation level: undefined/unknown
	Minimum pool size: undefined/unknown
	Maximum pool size: undefined/unknown
2025-08-13T21:49:32.497+05:30  INFO 25124 --- [HOTEL-MANAGEMENT-APPLICATION-BOOKINGSERVICE] [restartedMain] o.h.e.t.j.p.i.JtaPlatformInitiator       : HHH000489: No JTA platform available (set 'hibernate.transaction.jta.platform' to enable JTA platform integration)
2025-08-13T21:49:32.504+05:30  INFO 25124 --- [HOTEL-MANAGEMENT-APPLICATION-BOOKINGSERVICE] [restartedMain] j.LocalContainerEntityManagerFactoryBean : Initialized JPA EntityManagerFactory for persistence unit 'default'
2025-08-13T21:49:32.701+05:30  WARN 25124 --- [HOTEL-MANAGEMENT-APPLICATION-BOOKINGSERVICE] [restartedMain] JpaBaseConfiguration$JpaWebConfiguration : spring.jpa.open-in-view is enabled by default. Therefore, database queries may be performed during view rendering. Explicitly configure spring.jpa.open-in-view to disable this warning
2025-08-13T21:49:33.980+05:30  WARN 25124 --- [HOTEL-MANAGEMENT-APPLICATION-BOOKINGSERVICE] [restartedMain] o.s.b.d.a.OptionalLiveReloadServer       : Unable to start LiveReload server
2025-08-13T21:49:34.122+05:30  INFO 25124 --- [HOTEL-MANAGEMENT-APPLICATION-BOOKINGSERVICE] [restartedMain] DiscoveryClientOptionalArgsConfiguration : Eureka HTTP Client uses RestTemplate.
2025-08-13T21:49:34.196+05:30  WARN 25124 --- [HOTEL-MANAGEMENT-APPLICATION-BOOKINGSERVICE] [restartedMain] iguration$LoadBalancerCaffeineWarnLogger : Spring Cloud LoadBalancer is currently working with the default cache. While this cache implementation is useful for development and tests, it's recommended to use Caffeine cache in production.You can switch to using Caffeine cache, by adding it and org.springframework.cache.caffeine.CaffeineCacheManager to the classpath.
2025-08-13T21:49:34.230+05:30  INFO 25124 --- [HOTEL-MANAGEMENT-APPLICATION-BOOKINGSERVICE] [restartedMain] o.s.b.a.e.web.EndpointLinksResolver      : Exposing 1 endpoint beneath base path '/actuator'
2025-08-13T21:49:34.275+05:30  INFO 25124 --- [HOTEL-MANAGEMENT-APPLICATION-BOOKINGSERVICE] [restartedMain] o.s.c.n.eureka.InstanceInfoFactory       : Setting initial instance status as: STARTING
2025-08-13T21:49:34.284+05:30  INFO 25124 --- [HOTEL-MANAGEMENT-APPLICATION-BOOKINGSERVICE] [restartedMain] com.netflix.discovery.DiscoveryClient    : Initializing Eureka in region us-east-1
2025-08-13T21:49:34.284+05:30  INFO 25124 --- [HOTEL-MANAGEMENT-APPLICATION-BOOKINGSERVICE] [restartedMain] c.n.d.s.r.aws.ConfigClusterResolver      : Resolving eureka endpoints via configuration
2025-08-13T21:49:34.284+05:30  INFO 25124 --- [HOTEL-MANAGEMENT-APPLICATION-BOOKINGSERVICE] [restartedMain] com.netflix.discovery.DiscoveryClient    : Disable delta property : false
2025-08-13T21:49:34.284+05:30  INFO 25124 --- [HOTEL-MANAGEMENT-APPLICATION-BOOKINGSERVICE] [restartedMain] com.netflix.discovery.DiscoveryClient    : Single vip registry refresh property : null
2025-08-13T21:49:34.284+05:30  INFO 25124 --- [HOTEL-MANAGEMENT-APPLICATION-BOOKINGSERVICE] [restartedMain] com.netflix.discovery.DiscoveryClient    : Force full registry fetch : false
2025-08-13T21:49:34.284+05:30  INFO 25124 --- [HOTEL-MANAGEMENT-APPLICATION-BOOKINGSERVICE] [restartedMain] com.netflix.discovery.DiscoveryClient    : Application is null : false
2025-08-13T21:49:34.284+05:30  INFO 25124 --- [HOTEL-MANAGEMENT-APPLICATION-BOOKINGSERVICE] [restartedMain] com.netflix.discovery.DiscoveryClient    : Registered Applications size is zero : true
2025-08-13T21:49:34.284+05:30  INFO 25124 --- [HOTEL-MANAGEMENT-APPLICATION-BOOKINGSERVICE] [restartedMain] com.netflix.discovery.DiscoveryClient    : Application version is -1: true
2025-08-13T21:49:34.284+05:30  INFO 25124 --- [HOTEL-MANAGEMENT-APPLICATION-BOOKINGSERVICE] [restartedMain] com.netflix.discovery.DiscoveryClient    : Getting all instance registry info from the eureka server
2025-08-13T21:49:34.314+05:30  INFO 25124 --- [HOTEL-MANAGEMENT-APPLICATION-BOOKINGSERVICE] [restartedMain] com.netflix.discovery.DiscoveryClient    : The response status is 200
2025-08-13T21:49:34.315+05:30  INFO 25124 --- [HOTEL-MANAGEMENT-APPLICATION-BOOKINGSERVICE] [restartedMain] com.netflix.discovery.DiscoveryClient    : Starting heartbeat executor: renew interval is: 30
2025-08-13T21:49:34.315+05:30  INFO 25124 --- [HOTEL-MANAGEMENT-APPLICATION-BOOKINGSERVICE] [restartedMain] c.n.discovery.InstanceInfoReplicator     : InstanceInfoReplicator onDemand update allowed rate per min is 4
2025-08-13T21:49:34.315+05:30  INFO 25124 --- [HOTEL-MANAGEMENT-APPLICATION-BOOKINGSERVICE] [restartedMain] com.netflix.discovery.DiscoveryClient    : Discovery Client initialized at timestamp 1755101974315 with initial instances count: 4
2025-08-13T21:49:34.326+05:30  INFO 25124 --- [HOTEL-MANAGEMENT-APPLICATION-BOOKINGSERVICE] [restartedMain] o.s.c.n.e.s.EurekaServiceRegistry        : Registering application HOTEL-MANAGEMENT-APPLICATION-BOOKINGSERVICE with eureka with status UP
2025-08-13T21:49:34.326+05:30  INFO 25124 --- [HOTEL-MANAGEMENT-APPLICATION-BOOKINGSERVICE] [restartedMain] com.netflix.discovery.DiscoveryClient    : Saw local status change event StatusChangeEvent [timestamp=1755101974326, current=UP, previous=STARTING]
2025-08-13T21:49:34.326+05:30  INFO 25124 --- [HOTEL-MANAGEMENT-APPLICATION-BOOKINGSERVICE] [DiscoveryClient-InstanceInfoReplicator-%d] com.netflix.discovery.DiscoveryClient    : DiscoveryClient_HOTEL-MANAGEMENT-APPLICATION-BOOKINGSERVICE/Shobhit:HOTEL-MANAGEMENT-APPLICATION-BOOKINGSERVICE:9095: registering service...
2025-08-13T21:49:34.329+05:30  INFO 25124 --- [HOTEL-MANAGEMENT-APPLICATION-BOOKINGSERVICE] [restartedMain] o.s.b.w.embedded.tomcat.TomcatWebServer  : Tomcat started on port 9095 (http) with context path '/'
2025-08-13T21:49:34.330+05:30  INFO 25124 --- [HOTEL-MANAGEMENT-APPLICATION-BOOKINGSERVICE] [restartedMain] .s.c.n.e.s.EurekaAutoServiceRegistration : Updating port to 9095
2025-08-13T21:49:34.342+05:30  INFO 25124 --- [HOTEL-MANAGEMENT-APPLICATION-BOOKINGSERVICE] [DiscoveryClient-InstanceInfoReplicator-%d] com.netflix.discovery.DiscoveryClient    : DiscoveryClient_HOTEL-MANAGEMENT-APPLICATION-BOOKINGSERVICE/Shobhit:HOTEL-MANAGEMENT-APPLICATION-BOOKINGSERVICE:9095 - registration status: 204
2025-08-13T21:49:34.441+05:30  INFO 25124 --- [HOTEL-MANAGEMENT-APPLICATION-BOOKINGSERVICE] [restartedMain] mentApplicationBookingServiceApplication : Started HotelManagementApplicationBookingServiceApplication in 4.598 seconds (process running for 728.479)
2025-08-13T21:49:34.443+05:30  INFO 25124 --- [HOTEL-MANAGEMENT-APPLICATION-BOOKINGSERVICE] [restartedMain] .ConditionEvaluationDeltaLoggingListener : Condition evaluation unchanged
