2025-08-13T21:38:41.487+05:30  INFO 25480 --- [HOTEL-MANAGEMENT-APPLICATION-ROOMSERVICE] [restartedMain] nagemntApplicationRoomServiceApplication : Starting HotelManagemntApplicationRoomServiceApplication using Java 17.0.2 with PID 25480 (E:\Wipro\Microservices\Hotel-Management-Microservice\Hotel-Management-Application-RoomService\target\classes started by Shobhit PC in E:\Wipro\Microservices\Hotel-Management-Microservice\Hotel-Management-Application-RoomService)
2025-08-13T21:38:41.492+05:30  INFO 25480 --- [HOTEL-MANAGEMENT-APPLICATION-ROOMSERVICE] [restartedMain] nagemntApplicationRoomServiceApplication : No active profile set, falling back to 1 default profile: "default"
2025-08-13T21:38:41.527+05:30  INFO 25480 --- [HOTEL-MANAGEMENT-APPLICATION-ROOMSERVICE] [restartedMain] o.s.c.c.c.ConfigServerConfigDataLoader   : Fetching config from server at : http://localhost:9092
2025-08-13T21:38:41.538+05:30  INFO 25480 --- [HOTEL-MANAGEMENT-APPLICATION-ROOMSERVICE] [restartedMain] o.s.c.c.c.ConfigServerConfigDataLoader   : Located environment: name=HOTEL-MANAGEMENT-APPLICATION-ROOMSERVICE, profiles=[default], label=null, version=67dbd04e6efed51f737a4b0f2094eae5b4d304e5, state=
2025-08-13T21:38:41.540+05:30  INFO 25480 --- [HOTEL-MANAGEMENT-APPLICATION-ROOMSERVICE] [restartedMain] .e.DevToolsPropertyDefaultsPostProcessor : Devtools property defaults active! Set 'spring.devtools.add-properties' to 'false' to disable
2025-08-13T21:38:41.541+05:30  INFO 25480 --- [HOTEL-MANAGEMENT-APPLICATION-ROOMSERVICE] [restartedMain] .e.DevToolsPropertyDefaultsPostProcessor : For additional web related logging consider setting the 'logging.level.web' property to 'DEBUG'
2025-08-13T21:38:42.589+05:30  INFO 25480 --- [HOTEL-MANAGEMENT-APPLICATION-ROOMSERVICE] [restartedMain] .s.d.r.c.RepositoryConfigurationDelegate : Bootstrapping Spring Data JPA repositories in DEFAULT mode.
2025-08-13T21:38:42.712+05:30  INFO 25480 --- [HOTEL-MANAGEMENT-APPLICATION-ROOMSERVICE] [restartedMain] .s.d.r.c.RepositoryConfigurationDelegate : Finished Spring Data repository scanning in 113 ms. Found 1 JPA repository interface.
2025-08-13T21:38:42.972+05:30  INFO 25480 --- [HOTEL-MANAGEMENT-APPLICATION-ROOMSERVICE] [restartedMain] o.s.cloud.context.scope.GenericScope     : BeanFactory id=d745a845-6fa9-355f-a733-bc9f8c216df6
2025-08-13T21:38:43.605+05:30  INFO 25480 --- [HOTEL-MANAGEMENT-APPLICATION-ROOMSERVICE] [restartedMain] o.s.b.w.embedded.tomcat.TomcatWebServer  : Tomcat initialized with port 9093 (http)
2025-08-13T21:38:43.616+05:30  INFO 25480 --- [HOTEL-MANAGEMENT-APPLICATION-ROOMSERVICE] [restartedMain] o.apache.catalina.core.StandardService   : Starting service [Tomcat]
2025-08-13T21:38:43.616+05:30  INFO 25480 --- [HOTEL-MANAGEMENT-APPLICATION-ROOMSERVICE] [restartedMain] o.apache.catalina.core.StandardEngine    : Starting Servlet engine: [Apache Tomcat/10.1.43]
2025-08-13T21:38:43.676+05:30  INFO 25480 --- [HOTEL-MANAGEMENT-APPLICATION-ROOMSERVICE] [restartedMain] o.a.c.c.C.[Tomcat].[localhost].[/]       : Initializing Spring embedded WebApplicationContext
2025-08-13T21:38:43.676+05:30  INFO 25480 --- [HOTEL-MANAGEMENT-APPLICATION-ROOMSERVICE] [restartedMain] w.s.c.ServletWebServerApplicationContext : Root WebApplicationContext: initialization completed in 2135 ms
2025-08-13T21:38:44.076+05:30  INFO 25480 --- [HOTEL-MANAGEMENT-APPLICATION-ROOMSERVICE] [restartedMain] o.hibernate.jpa.internal.util.LogHelper  : HHH000204: Processing PersistenceUnitInfo [name: default]
2025-08-13T21:38:44.117+05:30  INFO 25480 --- [HOTEL-MANAGEMENT-APPLICATION-ROOMSERVICE] [restartedMain] org.hibernate.Version                    : HHH000412: Hibernate ORM core version 6.6.22.Final
2025-08-13T21:38:44.147+05:30  INFO 25480 --- [HOTEL-MANAGEMENT-APPLICATION-ROOMSERVICE] [restartedMain] o.h.c.internal.RegionFactoryInitiator    : HHH000026: Second-level cache disabled
2025-08-13T21:38:44.366+05:30  INFO 25480 --- [HOTEL-MANAGEMENT-APPLICATION-ROOMSERVICE] [restartedMain] o.s.o.j.p.SpringPersistenceUnitInfo      : No LoadTimeWeaver setup: ignoring JPA class transformer
2025-08-13T21:38:44.391+05:30  INFO 25480 --- [HOTEL-MANAGEMENT-APPLICATION-ROOMSERVICE] [restartedMain] com.zaxxer.hikari.HikariDataSource       : HikariPool-1 - Starting...
2025-08-13T21:38:44.537+05:30  INFO 25480 --- [HOTEL-MANAGEMENT-APPLICATION-ROOMSERVICE] [restartedMain] com.zaxxer.hikari.pool.HikariPool        : HikariPool-1 - Added connection com.mysql.cj.jdbc.ConnectionImpl@5dbbe26a
2025-08-13T21:38:44.538+05:30  INFO 25480 --- [HOTEL-MANAGEMENT-APPLICATION-ROOMSERVICE] [restartedMain] com.zaxxer.hikari.HikariDataSource       : HikariPool-1 - Start completed.
2025-08-13T21:38:44.571+05:30  WARN 25480 --- [HOTEL-MANAGEMENT-APPLICATION-ROOMSERVICE] [restartedMain] org.hibernate.dialect.Dialect            : HHH000511: The 5.5.27 version for [org.hibernate.dialect.MySQLDialect] is no longer supported, hence certain features may not work properly. The minimum supported version is 8.0.0. Check the community dialects project for available legacy versions.
2025-08-13T21:38:44.574+05:30  WARN 25480 --- [HOTEL-MANAGEMENT-APPLICATION-ROOMSERVICE] [restartedMain] org.hibernate.orm.deprecation            : HHH90000025: MySQLDialect does not need to be specified explicitly using 'hibernate.dialect' (remove the property setting and it will be selected by default)
2025-08-13T21:38:44.594+05:30  INFO 25480 --- [HOTEL-MANAGEMENT-APPLICATION-ROOMSERVICE] [restartedMain] org.hibernate.orm.connections.pooling    : HHH10001005: Database info:
	Database JDBC URL [Connecting through datasource 'HikariDataSource (HikariPool-1)']
	Database driver: undefined/unknown
	Database version: 5.5.27
	Autocommit mode: undefined/unknown
	Isolation level: undefined/unknown
	Minimum pool size: undefined/unknown
	Maximum pool size: undefined/unknown
2025-08-13T21:38:45.251+05:30  INFO 25480 --- [HOTEL-MANAGEMENT-APPLICATION-ROOMSERVICE] [restartedMain] o.h.e.t.j.p.i.JtaPlatformInitiator       : HHH000489: No JTA platform available (set 'hibernate.transaction.jta.platform' to enable JTA platform integration)
2025-08-13T21:38:45.358+05:30  INFO 25480 --- [HOTEL-MANAGEMENT-APPLICATION-ROOMSERVICE] [restartedMain] j.LocalContainerEntityManagerFactoryBean : Initialized JPA EntityManagerFactory for persistence unit 'default'
2025-08-13T21:38:45.757+05:30  WARN 25480 --- [HOTEL-MANAGEMENT-APPLICATION-ROOMSERVICE] [restartedMain] JpaBaseConfiguration$JpaWebConfiguration : spring.jpa.open-in-view is enabled by default. Therefore, database queries may be performed during view rendering. Explicitly configure spring.jpa.open-in-view to disable this warning
2025-08-13T21:38:45.866+05:30  WARN 25480 --- [HOTEL-MANAGEMENT-APPLICATION-ROOMSERVICE] [restartedMain] o.s.b.d.a.OptionalLiveReloadServer       : Unable to start LiveReload server
2025-08-13T21:38:46.014+05:30  INFO 25480 --- [HOTEL-MANAGEMENT-APPLICATION-ROOMSERVICE] [restartedMain] o.s.c.openfeign.FeignClientFactoryBean   : For 'HOTEL-MANAGEMENT-APPLICATION-HOTELSERVICE' URL not provided. Will try picking an instance via load-balancing.
2025-08-13T21:38:46.098+05:30  INFO 25480 --- [HOTEL-MANAGEMENT-APPLICATION-ROOMSERVICE] [restartedMain] o.s.c.openfeign.FeignClientFactoryBean   : For 'HOTEL-MANAGEMENT-APPLICATION-USERSERVICE' URL not provided. Will try picking an instance via load-balancing.
2025-08-13T21:38:47.791+05:30  INFO 25480 --- [HOTEL-MANAGEMENT-APPLICATION-ROOMSERVICE] [restartedMain] DiscoveryClientOptionalArgsConfiguration : Eureka HTTP Client uses RestTemplate.
2025-08-13T21:38:47.854+05:30  WARN 25480 --- [HOTEL-MANAGEMENT-APPLICATION-ROOMSERVICE] [restartedMain] iguration$LoadBalancerCaffeineWarnLogger : Spring Cloud LoadBalancer is currently working with the default cache. While this cache implementation is useful for development and tests, it's recommended to use Caffeine cache in production.You can switch to using Caffeine cache, by adding it and org.springframework.cache.caffeine.CaffeineCacheManager to the classpath.
2025-08-13T21:38:47.878+05:30  INFO 25480 --- [HOTEL-MANAGEMENT-APPLICATION-ROOMSERVICE] [restartedMain] o.s.b.a.e.web.EndpointLinksResolver      : Exposing 1 endpoint beneath base path '/actuator'
2025-08-13T21:38:47.968+05:30  INFO 25480 --- [HOTEL-MANAGEMENT-APPLICATION-ROOMSERVICE] [restartedMain] o.s.c.n.eureka.InstanceInfoFactory       : Setting initial instance status as: STARTING
2025-08-13T21:38:47.989+05:30  INFO 25480 --- [HOTEL-MANAGEMENT-APPLICATION-ROOMSERVICE] [restartedMain] com.netflix.discovery.DiscoveryClient    : Initializing Eureka in region us-east-1
2025-08-13T21:38:47.993+05:30  INFO 25480 --- [HOTEL-MANAGEMENT-APPLICATION-ROOMSERVICE] [restartedMain] c.n.d.s.r.aws.ConfigClusterResolver      : Resolving eureka endpoints via configuration
2025-08-13T21:38:48.000+05:30  INFO 25480 --- [HOTEL-MANAGEMENT-APPLICATION-ROOMSERVICE] [restartedMain] com.netflix.discovery.DiscoveryClient    : Disable delta property : false
2025-08-13T21:38:48.000+05:30  INFO 25480 --- [HOTEL-MANAGEMENT-APPLICATION-ROOMSERVICE] [restartedMain] com.netflix.discovery.DiscoveryClient    : Single vip registry refresh property : null
2025-08-13T21:38:48.000+05:30  INFO 25480 --- [HOTEL-MANAGEMENT-APPLICATION-ROOMSERVICE] [restartedMain] com.netflix.discovery.DiscoveryClient    : Force full registry fetch : false
2025-08-13T21:38:48.000+05:30  INFO 25480 --- [HOTEL-MANAGEMENT-APPLICATION-ROOMSERVICE] [restartedMain] com.netflix.discovery.DiscoveryClient    : Application is null : false
2025-08-13T21:38:48.000+05:30  INFO 25480 --- [HOTEL-MANAGEMENT-APPLICATION-ROOMSERVICE] [restartedMain] com.netflix.discovery.DiscoveryClient    : Registered Applications size is zero : true
2025-08-13T21:38:48.001+05:30  INFO 25480 --- [HOTEL-MANAGEMENT-APPLICATION-ROOMSERVICE] [restartedMain] com.netflix.discovery.DiscoveryClient    : Application version is -1: true
2025-08-13T21:38:48.001+05:30  INFO 25480 --- [HOTEL-MANAGEMENT-APPLICATION-ROOMSERVICE] [restartedMain] com.netflix.discovery.DiscoveryClient    : Getting all instance registry info from the eureka server
2025-08-13T21:38:48.269+05:30  INFO 25480 --- [HOTEL-MANAGEMENT-APPLICATION-ROOMSERVICE] [restartedMain] com.netflix.discovery.DiscoveryClient    : The response status is 200
2025-08-13T21:38:48.271+05:30  INFO 25480 --- [HOTEL-MANAGEMENT-APPLICATION-ROOMSERVICE] [restartedMain] com.netflix.discovery.DiscoveryClient    : Starting heartbeat executor: renew interval is: 30
2025-08-13T21:38:48.272+05:30  INFO 25480 --- [HOTEL-MANAGEMENT-APPLICATION-ROOMSERVICE] [restartedMain] c.n.discovery.InstanceInfoReplicator     : InstanceInfoReplicator onDemand update allowed rate per min is 4
2025-08-13T21:38:48.273+05:30  INFO 25480 --- [HOTEL-MANAGEMENT-APPLICATION-ROOMSERVICE] [restartedMain] com.netflix.discovery.DiscoveryClient    : Discovery Client initialized at timestamp 1755101328273 with initial instances count: 4
2025-08-13T21:38:48.285+05:30  INFO 25480 --- [HOTEL-MANAGEMENT-APPLICATION-ROOMSERVICE] [restartedMain] o.s.c.n.e.s.EurekaServiceRegistry        : Registering application HOTEL-MANAGEMENT-APPLICATION-ROOMSERVICE with eureka with status UP
2025-08-13T21:38:48.285+05:30  INFO 25480 --- [HOTEL-MANAGEMENT-APPLICATION-ROOMSERVICE] [restartedMain] com.netflix.discovery.DiscoveryClient    : Saw local status change event StatusChangeEvent [timestamp=1755101328285, current=UP, previous=STARTING]
2025-08-13T21:38:48.287+05:30  INFO 25480 --- [HOTEL-MANAGEMENT-APPLICATION-ROOMSERVICE] [DiscoveryClient-InstanceInfoReplicator-%d] com.netflix.discovery.DiscoveryClient    : DiscoveryClient_HOTEL-MANAGEMENT-APPLICATION-ROOMSERVICE/Shobhit:HOTEL-MANAGEMENT-APPLICATION-ROOMSERVICE:9093: registering service...
2025-08-13T21:38:48.310+05:30  INFO 25480 --- [HOTEL-MANAGEMENT-APPLICATION-ROOMSERVICE] [restartedMain] o.s.b.w.embedded.tomcat.TomcatWebServer  : Tomcat started on port 9093 (http) with context path '/'
2025-08-13T21:38:48.311+05:30  INFO 25480 --- [HOTEL-MANAGEMENT-APPLICATION-ROOMSERVICE] [restartedMain] .s.c.n.e.s.EurekaAutoServiceRegistration : Updating port to 9093
2025-08-13T21:38:48.319+05:30  INFO 25480 --- [HOTEL-MANAGEMENT-APPLICATION-ROOMSERVICE] [DiscoveryClient-InstanceInfoReplicator-%d] com.netflix.discovery.DiscoveryClient    : DiscoveryClient_HOTEL-MANAGEMENT-APPLICATION-ROOMSERVICE/Shobhit:HOTEL-MANAGEMENT-APPLICATION-ROOMSERVICE:9093 - registration status: 204
2025-08-13T21:38:48.428+05:30  INFO 25480 --- [HOTEL-MANAGEMENT-APPLICATION-ROOMSERVICE] [restartedMain] nagemntApplicationRoomServiceApplication : Started HotelManagemntApplicationRoomServiceApplication in 9.291 seconds (process running for 10.069)
2025-08-13T21:38:48.980+05:30  INFO 25480 --- [HOTEL-MANAGEMENT-APPLICATION-ROOMSERVICE] [RMI TCP Connection(5)-127.0.0.1] o.a.c.c.C.[Tomcat].[localhost].[/]       : Initializing Spring DispatcherServlet 'dispatcherServlet'
2025-08-13T21:38:48.980+05:30  INFO 25480 --- [HOTEL-MANAGEMENT-APPLICATION-ROOMSERVICE] [RMI TCP Connection(5)-127.0.0.1] o.s.web.servlet.DispatcherServlet        : Initializing Servlet 'dispatcherServlet'
2025-08-13T21:38:48.982+05:30  INFO 25480 --- [HOTEL-MANAGEMENT-APPLICATION-ROOMSERVICE] [RMI TCP Connection(5)-127.0.0.1] o.s.web.servlet.DispatcherServlet        : Completed initialization in 2 ms
2025-08-13T21:43:48.016+05:30  INFO 25480 --- [HOTEL-MANAGEMENT-APPLICATION-ROOMSERVICE] [AsyncResolver-bootstrap-executor-%d] c.n.d.s.r.aws.ConfigClusterResolver      : Resolving eureka endpoints via configuration
2025-08-13T21:48:48.032+05:30  INFO 25480 --- [HOTEL-MANAGEMENT-APPLICATION-ROOMSERVICE] [AsyncResolver-bootstrap-executor-%d] c.n.d.s.r.aws.ConfigClusterResolver      : Resolving eureka endpoints via configuration
